Cliente pepe registrado con éxito en: 2023-05-09T22:22:04.851898400
Cliente maria registrado con éxito en: 2023-05-09T22:24:54.700671600
Cliente alberto registrado con éxito en: 2023-05-18T18:09:45.944808700
Cliente alberto logueado con éxito en: 2023-05-18T18:13:24.770315500
Cliente alberto logueado con éxito en: 2023-05-18T18:13:29.108070
Cliente alberto logueado con éxito en: 2023-05-18T18:15:24.819772600
Cliente maria logueado con éxito en: 2023-05-18T18:18:15.770265400
Cliente maria logueado con éxito en: 2023-05-18T18:36:56.324446400
Cliente maria logueado con éxito en: 2023-05-18T18:44:55.676452200
Cliente mari logueado con éxito en: 2023-05-18T18:45:02.235578200
Cliente maria logueado con éxito en: 2023-05-18T18:51:33.030557500
Cliente riki registrado con éxito en: 2023-05-18T19:13:08.915844300
Cliente maria logueado con éxito en: 2023-05-18T19:19:20.192068200
Cliente mario registrado con éxito en: 2023-05-18T19:23:24.749314800
Cliente riki logueado con éxito en: 2023-05-18T19:24:18.907413600
Cliente mario logueado con éxito en: 2023-05-18T19:24:23.246971900
Cliente mar registrado con éxito en: 2023-05-18T19:35:48.691164200
Cliente riki logueado con éxito en: 2023-05-18T20:32:16.418782100
Cliente ' or ''=' logueado con éxito en: 2023-05-18T20:32:43.008051300
Cliente mar logueado con éxito en: 2023-05-18T20:37:55.752648800
Cliente porrero registrado con éxito en: 2023-05-18T20:44:47.202255700
Cliente porrero logueado con éxito en: 2023-05-18T20:45:13.899543700
